<?xml version="1.0" encoding="UTF-8" ?>
<testsuite tests="13" failures="0" name="Runner" time="8.748" errors="0" skipped="0">
  <properties>
[...]
</properties>
  <testcase classname="Validar cadastro no site Register" name="que eu acesso o site Register &quot;https://demo.automationtesting.in/Register.html&quot;" time="6.032"/>
  <testcase classname="Validar cadastro no site Register" name="preencho o campo nome com valor &quot;Paula&quot;" time="0.305"/>
  <testcase classname="Validar cadastro no site Register" name="preencho o campo sobrenome com valor &quot;Renata&quot;" time="0.126"/>
  <testcase classname="Validar cadastro no site Register" name="preencho o campo endereço com valor &quot;Brasilandia, Almotacel&quot;" time="0.161"/>
  <testcase classname="Validar cadastro no site Register" name="preencho o campo email com valor &quot;paula.renata@testes.com&quot;" time="0.203"/>
  <testcase classname="Validar cadastro no site Register" name="preencho o campo Gender selecionando a opção &quot;FeMale&quot;" time="0.094"/>
  <testcase classname="Validar cadastro no site Register" name="preencho o campo Hobbies selecionando a opção &quot;Movies&quot;" time="0.123"/>
  <testcase classname="Validar cadastro no site Register" name="preencho o campo Skills selecionando a opção &quot;Java&quot;" time="0.173"/>
  <testcase classname="Validar cadastro no site Register" name="preencho o campo Select Country" time="0.182"/>
  <testcase classname="Validar cadastro no site Register" name="preencho o campo Ano selecionando a opção &quot;1986&quot;" time="0.135"/>
  <testcase classname="Validar cadastro no site Register" name="preencho o campo Mes selecionando a opção &quot;June&quot;" time="0.125"/>
  <testcase classname="Validar cadastro no site Register" name="preencho o campo Dia selecionando a opção &quot;7&quot;" time="0.121"/>
  <testcase classname="Validar cadastro no site Register" name="Validar cadastro no site Register" time="0.968"/>
</testsuite>